This file contains any messages produced by compilers while
running configure, to aid debugging if configure makes a mistake.

It was created by libgloss configure LIBGLOSS_VERSION, which was
generated by GNU Autoconf 2.68.  Invocation command line was

  $ /home/dash/TINAOS/libs/newlib-src/libgloss/configure --srcdir=../../../newlib-src/libgloss --cache-file=./config.cache --with-newlib --enable-multilib --with-cross-host=x86_64-linux-gnu --with-sysroot=/home/dash/TINAOS/libs/cross-compiler/compiler/bin --disable-maintainer-mode --enable-newlib-elix-level=4 --disable-werror --disable-newlib-io-float --disable--libgloss --program-transform-name=s&^&i686-tinaos-& --disable-option-checking --with-target-subdir=i686-tinaos --build=x86_64-linux-gnu --host=i686-tinaos --target=i686-tinaos

## --------- ##
## Platform. ##
## --------- ##

hostname = dash-normal
uname -m = x86_64
uname -r = 5.4.0-42-generic
uname -s = Linux
uname -v = #46-Ubuntu SMP Fri Jul 10 00:24:02 UTC 2020

/usr/bin/uname -p = x86_64
/bin/uname -X     = unknown

/bin/arch              = x86_64
/usr/bin/arch -k       = unknown
/usr/convex/getsysinfo = unknown
/usr/bin/hostinfo      = unknown
/bin/machine           = unknown
/usr/bin/oslevel       = unknown
/bin/universe          = unknown

PATH: /home/dash/TINAOS/libs/cross-compiler/compiler/bin
PATH: /home/dash/TINAOS/libs/cross-compiler/compiler
PATH: /home/dash/TINAOS/libs/cross-compiler/compiler/bin/../
PATH: /home/dash/TINAOS/libs/cross-compiler/compiler/bin/
PATH: /usr/local/sbin
PATH: /usr/local/bin
PATH: /usr/sbin
PATH: /usr/bin
PATH: /sbin
PATH: /bin
PATH: /usr/games
PATH: /usr/local/games


## ----------- ##
## Core tests. ##
## ----------- ##

configure:1734: creating cache ./config.cache
configure:1866: checking for a BSD-compatible install
configure:1934: result: /usr/bin/install -c
configure:1950: checking build system type
configure:1964: result: x86_64-pc-linux-gnu
configure:1984: checking host system type
configure:1997: result: i686-pc-tinaos
configure:2017: checking target system type
configure:2030: result: i686-pc-tinaos
configure:2058: checking whether build environment is sane
configure:2095: result: yes
configure:2157: checking for gawk
configure:2184: result: mawk
configure:2195: checking whether make sets $(MAKE)
configure:2217: result: yes
configure:2282: checking for i686-tinaos-strip
configure:2309: result: i686-tinaos-strip
configure:2610: checking for style of include used by make
configure:2638: result: GNU
configure:2665: checking for gcc
configure:2692: result: i686-tinaos-cc -B/home/dash/TINAOS/libs/newlib-build/i686-tinaos/newlib/ -isystem /home/dash/TINAOS/libs/newlib-build/i686-tinaos/newlib/targ-include -isystem /home/dash/TINAOS/libs/newlib-src/newlib/libc/include -B/home/dash/TINAOS/libs/newlib-build/i686-tinaos/libgloss/i386 -L/home/dash/TINAOS/libs/newlib-build/i686-tinaos/libgloss/libnosys -L/home/dash/TINAOS/libs/newlib-src/libgloss/i386   
configure:2703: checking dependency style of i686-tinaos-cc -B/home/dash/TINAOS/libs/newlib-build/i686-tinaos/newlib/ -isystem /home/dash/TINAOS/libs/newlib-build/i686-tinaos/newlib/targ-include -isystem /home/dash/TINAOS/libs/newlib-src/newlib/libc/include -B/home/dash/TINAOS/libs/newlib-build/i686-tinaos/libgloss/i386 -L/home/dash/TINAOS/libs/newlib-build/i686-tinaos/libgloss/libnosys -L/home/dash/TINAOS/libs/newlib-src/libgloss/i386   
configure:2793: result: gcc3
configure:2868: checking whether we are using GNU C
configure:2879: i686-tinaos-cc -B/home/dash/TINAOS/libs/newlib-build/i686-tinaos/newlib/ -isystem /home/dash/TINAOS/libs/newlib-build/i686-tinaos/newlib/targ-include -isystem /home/dash/TINAOS/libs/newlib-src/newlib/libc/include -B/home/dash/TINAOS/libs/newlib-build/i686-tinaos/libgloss/i386 -L/home/dash/TINAOS/libs/newlib-build/i686-tinaos/libgloss/libnosys -L/home/dash/TINAOS/libs/newlib-src/libgloss/i386    -E conftest.c
configure:2882: $? = 0
configure:2889: result: yes
configure:2899: checking whether i686-tinaos-cc -B/home/dash/TINAOS/libs/newlib-build/i686-tinaos/newlib/ -isystem /home/dash/TINAOS/libs/newlib-build/i686-tinaos/newlib/targ-include -isystem /home/dash/TINAOS/libs/newlib-src/newlib/libc/include -B/home/dash/TINAOS/libs/newlib-build/i686-tinaos/libgloss/i386 -L/home/dash/TINAOS/libs/newlib-build/i686-tinaos/libgloss/libnosys -L/home/dash/TINAOS/libs/newlib-src/libgloss/i386    accepts -g
configure:2919: i686-tinaos-cc -B/home/dash/TINAOS/libs/newlib-build/i686-tinaos/newlib/ -isystem /home/dash/TINAOS/libs/newlib-build/i686-tinaos/newlib/targ-include -isystem /home/dash/TINAOS/libs/newlib-src/newlib/libc/include -B/home/dash/TINAOS/libs/newlib-build/i686-tinaos/libgloss/i386 -L/home/dash/TINAOS/libs/newlib-build/i686-tinaos/libgloss/libnosys -L/home/dash/TINAOS/libs/newlib-src/libgloss/i386    -c -g  conftest.c >&5
configure:2919: $? = 0
configure: failed program was:
| /* confdefs.h */
| #define PACKAGE_NAME "libgloss"
| #define PACKAGE_TARNAME "libgloss"
| #define PACKAGE_VERSION "LIBGLOSS_VERSION"
| #define PACKAGE_STRING "libgloss LIBGLOSS_VERSION"
| #define PACKAGE_BUGREPORT ""
| #define PACKAGE_URL ""
| /* end confdefs.h.  */
| 
| int
| main ()
| {
| 
|   ;
|   return 0;
| }
configure:2934: i686-tinaos-cc -B/home/dash/TINAOS/libs/newlib-build/i686-tinaos/newlib/ -isystem /home/dash/TINAOS/libs/newlib-build/i686-tinaos/newlib/targ-include -isystem /home/dash/TINAOS/libs/newlib-src/newlib/libc/include -B/home/dash/TINAOS/libs/newlib-build/i686-tinaos/libgloss/i386 -L/home/dash/TINAOS/libs/newlib-build/i686-tinaos/libgloss/libnosys -L/home/dash/TINAOS/libs/newlib-src/libgloss/i386    -c   conftest.c >&5
configure:2934: $? = 0
configure: failed program was:
| /* confdefs.h */
| #define PACKAGE_NAME "libgloss"
| #define PACKAGE_TARNAME "libgloss"
| #define PACKAGE_VERSION "LIBGLOSS_VERSION"
| #define PACKAGE_STRING "libgloss LIBGLOSS_VERSION"
| #define PACKAGE_BUGREPORT ""
| #define PACKAGE_URL ""
| /* end confdefs.h.  */
| 
| int
| main ()
| {
| 
|   ;
|   return 0;
| }
configure:2950: i686-tinaos-cc -B/home/dash/TINAOS/libs/newlib-build/i686-tinaos/newlib/ -isystem /home/dash/TINAOS/libs/newlib-build/i686-tinaos/newlib/targ-include -isystem /home/dash/TINAOS/libs/newlib-src/newlib/libc/include -B/home/dash/TINAOS/libs/newlib-build/i686-tinaos/libgloss/i386 -L/home/dash/TINAOS/libs/newlib-build/i686-tinaos/libgloss/libnosys -L/home/dash/TINAOS/libs/newlib-src/libgloss/i386    -c -g  conftest.c >&5
configure:2950: $? = 0
configure: failed program was:
| /* confdefs.h */
| #define PACKAGE_NAME "libgloss"
| #define PACKAGE_TARNAME "libgloss"
| #define PACKAGE_VERSION "LIBGLOSS_VERSION"
| #define PACKAGE_STRING "libgloss LIBGLOSS_VERSION"
| #define PACKAGE_BUGREPORT ""
| #define PACKAGE_URL ""
| /* end confdefs.h.  */
| 
| int
| main ()
| {
| 
|   ;
|   return 0;
| }
configure:2960: result: no
configure:2993: checking for ar
configure:3021: result: i686-tinaos-ar
configure:3036: checking for i686-tinaos-ranlib
configure:3063: result: i686-tinaos-ranlib
configure:3205: updating cache ./config.cache
configure:3298: creating ./config.status

## ---------------------- ##
## Running config.status. ##
## ---------------------- ##

This file was extended by libgloss config.status LIBGLOSS_VERSION, which was
generated by GNU Autoconf 2.68.  Invocation command line was

  CONFIG_FILES    = 
  CONFIG_HEADERS  = 
  CONFIG_LINKS    = 
  CONFIG_COMMANDS = 
  $ ./config.status 

on dash-normal

config.status:823: creating Makefile
config.status:979: executing depfiles commands
configure:4540: === configuring in doc (/home/dash/TINAOS/libs/newlib-build/i686-tinaos/libgloss/doc)
configure:4603: running /bin/bash ../../../../newlib-src/libgloss/doc/configure --disable-option-checking '--prefix=/usr/local'  '--with-newlib' '--enable-multilib' '--with-cross-host=x86_64-linux-gnu' '--with-sysroot=/home/dash/TINAOS/libs/cross-compiler/compiler/bin' '--disable-maintainer-mode' '--enable-newlib-elix-level=4' '--disable-werror' '--disable-newlib-io-float' '--disable--libgloss' '--program-transform-name=s&^&i686-tinaos-&' '--with-target-subdir=i686-tinaos' '--build=x86_64-linux-gnu' '--host=i686-tinaos' '--target=i686-tinaos' 'build_alias=x86_64-linux-gnu' 'host_alias=i686-tinaos' 'target_alias=i686-tinaos' --cache-file=.././config.cache --srcdir=../../../../newlib-src/libgloss/doc
configure:4540: === configuring in libnosys (/home/dash/TINAOS/libs/newlib-build/i686-tinaos/libgloss/libnosys)
configure:4603: running /bin/bash ../../../../newlib-src/libgloss/libnosys/configure --disable-option-checking '--prefix=/usr/local'  '--with-newlib' '--enable-multilib' '--with-cross-host=x86_64-linux-gnu' '--with-sysroot=/home/dash/TINAOS/libs/cross-compiler/compiler/bin' '--disable-maintainer-mode' '--enable-newlib-elix-level=4' '--disable-werror' '--disable-newlib-io-float' '--disable--libgloss' '--program-transform-name=s&^&i686-tinaos-&' '--with-target-subdir=i686-tinaos' '--build=x86_64-linux-gnu' '--host=i686-tinaos' '--target=i686-tinaos' 'build_alias=x86_64-linux-gnu' 'host_alias=i686-tinaos' 'target_alias=i686-tinaos' --cache-file=.././config.cache --srcdir=../../../../newlib-src/libgloss/libnosys

## ---------------- ##
## Cache variables. ##
## ---------------- ##

ac_cv_build=x86_64-pc-linux-gnu
ac_cv_c_compiler_gnu=yes
ac_cv_env_CCASFLAGS_set=
ac_cv_env_CCASFLAGS_value=
ac_cv_env_CCAS_set=
ac_cv_env_CCAS_value=
ac_cv_env_build_alias_set=set
ac_cv_env_build_alias_value=x86_64-linux-gnu
ac_cv_env_host_alias_set=set
ac_cv_env_host_alias_value=i686-tinaos
ac_cv_env_target_alias_set=set
ac_cv_env_target_alias_value=i686-tinaos
ac_cv_host=i686-pc-tinaos
ac_cv_prog_AR=i686-tinaos-ar
ac_cv_prog_AWK=mawk
ac_cv_prog_CC='i686-tinaos-cc -B/home/dash/TINAOS/libs/newlib-build/i686-tinaos/newlib/ -isystem /home/dash/TINAOS/libs/newlib-build/i686-tinaos/newlib/targ-include -isystem /home/dash/TINAOS/libs/newlib-src/newlib/libc/include -B/home/dash/TINAOS/libs/newlib-build/i686-tinaos/libgloss/i386 -L/home/dash/TINAOS/libs/newlib-build/i686-tinaos/libgloss/libnosys -L/home/dash/TINAOS/libs/newlib-src/libgloss/i386   '
ac_cv_prog_RANLIB=i686-tinaos-ranlib
ac_cv_prog_STRIP=i686-tinaos-strip
ac_cv_prog_cc_g=no
ac_cv_prog_make_make_set=yes
ac_cv_target=i686-pc-tinaos
am_cv_CC_dependencies_compiler_type=gcc3

## ----------------- ##
## Output variables. ##
## ----------------- ##

ACLOCAL='${SHELL} /home/dash/TINAOS/libs/newlib-src/missing --run aclocal-1.9'
AMDEPBACKSLASH='\'
AMDEP_FALSE='#'
AMDEP_TRUE=''
AMTAR='${SHELL} /home/dash/TINAOS/libs/newlib-src/missing --run tar'
AR='i686-tinaos-ar'
AS='i686-tinaos-as'
AUTOCONF='${SHELL} /home/dash/TINAOS/libs/newlib-src/missing --run autoconf'
AUTOHEADER='${SHELL} /home/dash/TINAOS/libs/newlib-src/missing --run autoheader'
AUTOMAKE='${SHELL} /home/dash/TINAOS/libs/newlib-src/missing --run automake-1.9'
AWK='mawk'
CC='i686-tinaos-cc -B/home/dash/TINAOS/libs/newlib-build/i686-tinaos/newlib/ -isystem /home/dash/TINAOS/libs/newlib-build/i686-tinaos/newlib/targ-include -isystem /home/dash/TINAOS/libs/newlib-src/newlib/libc/include -B/home/dash/TINAOS/libs/newlib-build/i686-tinaos/libgloss/i386 -L/home/dash/TINAOS/libs/newlib-build/i686-tinaos/libgloss/libnosys -L/home/dash/TINAOS/libs/newlib-src/libgloss/i386   '
CCAS='i686-tinaos-cc -B/home/dash/TINAOS/libs/newlib-build/i686-tinaos/newlib/ -isystem /home/dash/TINAOS/libs/newlib-build/i686-tinaos/newlib/targ-include -isystem /home/dash/TINAOS/libs/newlib-src/newlib/libc/include -B/home/dash/TINAOS/libs/newlib-build/i686-tinaos/libgloss/i386 -L/home/dash/TINAOS/libs/newlib-build/i686-tinaos/libgloss/libnosys -L/home/dash/TINAOS/libs/newlib-src/libgloss/i386   '
CCASFLAGS=''
CCDEPMODE='depmode=gcc3'
CYGPATH_W='echo'
DEFS='-DPACKAGE_NAME=\"libgloss\" -DPACKAGE_TARNAME=\"libgloss\" -DPACKAGE_VERSION=\"LIBGLOSS_VERSION\" -DPACKAGE_STRING=\"libgloss\ LIBGLOSS_VERSION\" -DPACKAGE_BUGREPORT=\"\" -DPACKAGE_URL=\"\"'
DEPDIR='.deps'
ECHO_C=''
ECHO_N='-n'
ECHO_T=''
INSTALL_DATA='/usr/bin/install -c -m 644'
INSTALL_PROGRAM='/usr/bin/install -c'
INSTALL_SCRIPT='/usr/bin/install -c'
INSTALL_STRIP_PROGRAM='${SHELL} $(install_sh) -c -s'
LD='i686-tinaos-ld'
LIBOBJS=''
LIBS=''
LTLIBOBJS=''
MAKEINFO='/home/dash/TINAOS/libs/newlib-src/missing makeinfo --split-size=5000000'
PACKAGE='libgloss'
PACKAGE_BUGREPORT=''
PACKAGE_NAME='libgloss'
PACKAGE_STRING='libgloss LIBGLOSS_VERSION'
PACKAGE_TARNAME='libgloss'
PACKAGE_URL=''
PACKAGE_VERSION='LIBGLOSS_VERSION'
PATH_SEPARATOR=':'
RANLIB='i686-tinaos-ranlib'
SET_MAKE=''
SHELL='/bin/bash'
STRIP='i686-tinaos-strip'
VERSION='LIBGLOSS_VERSION'
am__fastdepCC_FALSE='#'
am__fastdepCC_TRUE=''
am__include='include'
am__leading_dot='.'
am__quote=''
am__tar='${AMTAR} chof - "$$tardir"'
am__untar='${AMTAR} xf -'
bindir='${exec_prefix}/bin'
build='x86_64-pc-linux-gnu'
build_alias='x86_64-linux-gnu'
build_cpu='x86_64'
build_os='linux-gnu'
build_vendor='pc'
datadir='${datarootdir}'
datarootdir='${prefix}/share'
docdir='${datarootdir}/doc/${PACKAGE_TARNAME}'
dvidir='${docdir}'
exec_prefix='${prefix}'
host='i686-pc-tinaos'
host_alias='i686-tinaos'
host_cpu='i686'
host_makefile_frag_path='../../../newlib-src/libgloss/config/default.mh'
host_os='tinaos'
host_vendor='pc'
htmldir='${docdir}'
includedir='${prefix}/include'
infodir='${datarootdir}/info'
install_sh='/home/dash/TINAOS/libs/newlib-src/install-sh'
libdir='${exec_prefix}/lib'
libexecdir='${exec_prefix}/libexec'
localedir='${datarootdir}/locale'
localstatedir='${prefix}/var'
mandir='${datarootdir}/man'
mkdir_p='mkdir -p --'
oldincludedir='/usr/include'
pdfdir='${docdir}'
prefix='/usr/local'
program_transform_name='s&^&i686-tinaos-&'
psdir='${docdir}'
sbindir='${exec_prefix}/sbin'
sharedstatedir='${prefix}/com'
subdirs=' doc libnosys'
sysconfdir='${prefix}/etc'
target='i686-pc-tinaos'
target_alias='i686-tinaos'
target_cpu='i686'
target_os='tinaos'
target_vendor='pc'

## ------------------- ##
## File substitutions. ##
## ------------------- ##

host_makefile_frag='../../../newlib-src/libgloss/config/default.mh'

## ----------- ##
## confdefs.h. ##
## ----------- ##

/* confdefs.h */
#define PACKAGE_NAME "libgloss"
#define PACKAGE_TARNAME "libgloss"
#define PACKAGE_VERSION "LIBGLOSS_VERSION"
#define PACKAGE_STRING "libgloss LIBGLOSS_VERSION"
#define PACKAGE_BUGREPORT ""
#define PACKAGE_URL ""

configure: exit 0
