This file contains any messages produced by compilers while
running configure, to aid debugging if configure makes a mistake.

It was created by configure, which was
generated by GNU Autoconf 2.64.  Invocation command line was

  $ ../newlib-src/configure --host=x86_64-linux-gnu --build=x86_64-linux-gnu --target=i686-tinaos --with-sysroot=/home/dash/TINAOS/libs/cross-compiler/compiler/bin --disable-maintainer-mode --enable-newlib-elix-level=4 --disable-werror --disable-newlib-io-float --disable--libgloss

## --------- ##
## Platform. ##
## --------- ##

hostname = dash-normal
uname -m = x86_64
uname -r = 5.4.0-42-generic
uname -s = Linux
uname -v = #46-Ubuntu SMP Fri Jul 10 00:24:02 UTC 2020

/usr/bin/uname -p = x86_64
/bin/uname -X     = unknown

/bin/arch              = x86_64
/usr/bin/arch -k       = unknown
/usr/convex/getsysinfo = unknown
/usr/bin/hostinfo      = unknown
/bin/machine           = unknown
/usr/bin/oslevel       = unknown
/bin/universe          = unknown

PATH: /home/dash/TINAOS/libs/cross-compiler/compiler/bin
PATH: /home/dash/TINAOS/libs/cross-compiler/compiler
PATH: /home/dash/TINAOS/libs/cross-compiler/compiler/bin/../
PATH: /home/dash/TINAOS/libs/cross-compiler/compiler/bin/
PATH: /usr/local/sbin
PATH: /usr/local/bin
PATH: /usr/sbin
PATH: /usr/bin
PATH: /sbin
PATH: /bin
PATH: /usr/games
PATH: /usr/local/games


## ----------- ##
## Core tests. ##
## ----------- ##

configure:2293: checking build system type
configure:2307: result: x86_64-pc-linux-gnu
configure:2354: checking host system type
configure:2367: result: x86_64-pc-linux-gnu
configure:2387: checking target system type
configure:2400: result: i686-pc-tinaos
configure:2454: checking for a BSD-compatible install
configure:2522: result: /usr/bin/install -c
configure:2533: checking whether ln works
configure:2551: result: no, using cp
configure:2559: checking whether ln -s works
configure:2566: result: no, using cp -p
configure:2570: checking for a sed that does not truncate output
configure:2634: result: /usr/bin/sed
configure:2643: checking for gawk
configure:2673: result: no
configure:2643: checking for mawk
configure:2659: found /usr/bin/mawk
configure:2670: result: mawk
configure:4073: checking for x86_64-linux-gnu-gcc
configure:4089: found /usr/bin/x86_64-linux-gnu-gcc
configure:4100: result: x86_64-linux-gnu-gcc
configure:4369: checking for C compiler version
configure:4378: x86_64-linux-gnu-gcc --version >&5
x86_64-linux-gnu-gcc (Ubuntu 9.3.0-10ubuntu2) 9.3.0
Copyright (C) 2019 Free Software Foundation, Inc.
This is free software; see the source for copying conditions.  There is NO
warranty; not even for MERCHANTABILITY or FITNESS FOR A PARTICULAR PURPOSE.

configure:4389: $? = 0
configure:4378: x86_64-linux-gnu-gcc -v >&5
Using built-in specs.
COLLECT_GCC=x86_64-linux-gnu-gcc
COLLECT_LTO_WRAPPER=/usr/lib/gcc/x86_64-linux-gnu/9/lto-wrapper
OFFLOAD_TARGET_NAMES=nvptx-none:hsa
OFFLOAD_TARGET_DEFAULT=1
Target: x86_64-linux-gnu
Configured with: ../src/configure -v --with-pkgversion='Ubuntu 9.3.0-10ubuntu2' --with-bugurl=file:///usr/share/doc/gcc-9/README.Bugs --enable-languages=c,ada,c++,go,brig,d,fortran,objc,obj-c++,gm2 --prefix=/usr --with-gcc-major-version-only --program-suffix=-9 --program-prefix=x86_64-linux-gnu- --enable-shared --enable-linker-build-id --libexecdir=/usr/lib --without-included-gettext --enable-threads=posix --libdir=/usr/lib --enable-nls --enable-clocale=gnu --enable-libstdcxx-debug --enable-libstdcxx-time=yes --with-default-libstdcxx-abi=new --enable-gnu-unique-object --disable-vtable-verify --enable-plugin --enable-default-pie --with-system-zlib --with-target-system-zlib=auto --enable-objc-gc=auto --enable-multiarch --disable-werror --with-arch-32=i686 --with-abi=m64 --with-multilib-list=m32,m64,mx32 --enable-multilib --with-tune=generic --enable-offload-targets=nvptx-none,hsa --without-cuda-driver --enable-checking=release --build=x86_64-linux-gnu --host=x86_64-linux-gnu --target=x86_64-linux-gnu
Thread model: posix
gcc version 9.3.0 (Ubuntu 9.3.0-10ubuntu2) 
configure:4389: $? = 0
configure:4378: x86_64-linux-gnu-gcc -V >&5
x86_64-linux-gnu-gcc: error: unrecognized command line option '-V'
x86_64-linux-gnu-gcc: fatal error: no input files
compilation terminated.
configure:4389: $? = 1
configure:4378: x86_64-linux-gnu-gcc -qversion >&5
x86_64-linux-gnu-gcc: error: unrecognized command line option '-qversion'; did you mean '--version'?
x86_64-linux-gnu-gcc: fatal error: no input files
compilation terminated.
configure:4389: $? = 1
configure:4409: checking for C compiler default output file name
configure:4431: x86_64-linux-gnu-gcc    conftest.c  >&5
configure:4435: $? = 0
configure:4472: result: a.out
configure:4488: checking whether the C compiler works
configure:4497: ./a.out
configure:4501: $? = 0
configure:4516: result: yes
configure:4523: checking whether we are cross compiling
configure:4525: result: no
configure:4528: checking for suffix of executables
configure:4535: x86_64-linux-gnu-gcc -o conftest    conftest.c  >&5
configure:4539: $? = 0
configure:4561: result: 
configure:4567: checking for suffix of object files
configure:4589: x86_64-linux-gnu-gcc -c   conftest.c >&5
configure:4593: $? = 0
configure:4614: result: o
configure:4618: checking whether we are using the GNU C compiler
configure:4637: x86_64-linux-gnu-gcc -c   conftest.c >&5
configure:4637: $? = 0
configure:4646: result: yes
configure:4655: checking whether x86_64-linux-gnu-gcc accepts -g
configure:4675: x86_64-linux-gnu-gcc -c -g  conftest.c >&5
configure:4675: $? = 0
configure:4716: result: yes
configure:4733: checking for x86_64-linux-gnu-gcc option to accept ISO C89
configure:4797: x86_64-linux-gnu-gcc  -c -g -O2  conftest.c >&5
configure:4797: $? = 0
configure:4810: result: none needed
configure:4844: checking for x86_64-linux-gnu-g++
configure:4874: result: no
configure:4844: checking for x86_64-linux-gnu-c++
configure:4874: result: no
configure:4844: checking for x86_64-linux-gnu-gpp
configure:4874: result: no
configure:4844: checking for x86_64-linux-gnu-aCC
configure:4874: result: no
configure:4844: checking for x86_64-linux-gnu-CC
configure:4874: result: no
configure:4844: checking for x86_64-linux-gnu-cxx
configure:4874: result: no
configure:4844: checking for x86_64-linux-gnu-cc++
configure:4874: result: no
configure:4844: checking for x86_64-linux-gnu-cl.exe
configure:4874: result: no
configure:4844: checking for x86_64-linux-gnu-FCC
configure:4874: result: no
configure:4844: checking for x86_64-linux-gnu-KCC
configure:4874: result: no
configure:4844: checking for x86_64-linux-gnu-RCC
configure:4874: result: no
configure:4844: checking for x86_64-linux-gnu-xlC_r
configure:4874: result: no
configure:4844: checking for x86_64-linux-gnu-xlC
configure:4874: result: no
configure:4888: checking for g++
configure:4918: result: no
configure:4888: checking for c++
configure:4918: result: no
configure:4888: checking for gpp
configure:4918: result: no
configure:4888: checking for aCC
configure:4918: result: no
configure:4888: checking for CC
configure:4918: result: no
configure:4888: checking for cxx
configure:4918: result: no
configure:4888: checking for cc++
configure:4918: result: no
configure:4888: checking for cl.exe
configure:4918: result: no
configure:4888: checking for FCC
configure:4918: result: no
configure:4888: checking for KCC
configure:4918: result: no
configure:4888: checking for RCC
configure:4918: result: no
configure:4888: checking for xlC_r
configure:4918: result: no
configure:4888: checking for xlC
configure:4918: result: no
configure:4942: checking for C++ compiler version
configure:4951: g++ --version >&5
../newlib-src/configure: line 4953: g++: command not found
configure:4962: $? = 127
configure:4951: g++ -v >&5
../newlib-src/configure: line 4953: g++: command not found
configure:4962: $? = 127
configure:4951: g++ -V >&5
../newlib-src/configure: line 4953: g++: command not found
configure:4962: $? = 127
configure:4951: g++ -qversion >&5
../newlib-src/configure: line 4953: g++: command not found
configure:4962: $? = 127
configure:4966: checking whether we are using the GNU C++ compiler
configure:4985: g++ -c   conftest.cpp >&5
../newlib-src/configure: line 1764: g++: command not found
configure:4985: $? = 127
configure: failed program was:
| /* confdefs.h */
| #define PACKAGE_NAME ""
| #define PACKAGE_TARNAME ""
| #define PACKAGE_VERSION ""
| #define PACKAGE_STRING ""
| #define PACKAGE_BUGREPORT ""
| #define PACKAGE_URL ""
| /* end confdefs.h.  */
| 
| int
| main ()
| {
| #ifndef __GNUC__
|        choke me
| #endif
| 
|   ;
|   return 0;
| }
configure:4994: result: no
configure:5003: checking whether g++ accepts -g
configure:5023: g++ -c -g  conftest.cpp >&5
../newlib-src/configure: line 1764: g++: command not found
configure:5023: $? = 127
configure: failed program was:
| /* confdefs.h */
| #define PACKAGE_NAME ""
| #define PACKAGE_TARNAME ""
| #define PACKAGE_VERSION ""
| #define PACKAGE_STRING ""
| #define PACKAGE_BUGREPORT ""
| #define PACKAGE_URL ""
| /* end confdefs.h.  */
| 
| int
| main ()
| {
| 
|   ;
|   return 0;
| }
configure:5038: g++ -c   conftest.cpp >&5
../newlib-src/configure: line 1764: g++: command not found
configure:5038: $? = 127
configure: failed program was:
| /* confdefs.h */
| #define PACKAGE_NAME ""
| #define PACKAGE_TARNAME ""
| #define PACKAGE_VERSION ""
| #define PACKAGE_STRING ""
| #define PACKAGE_BUGREPORT ""
| #define PACKAGE_URL ""
| /* end confdefs.h.  */
| 
| int
| main ()
| {
| 
|   ;
|   return 0;
| }
configure:5054: g++ -c -g  conftest.cpp >&5
../newlib-src/configure: line 1764: g++: command not found
configure:5054: $? = 127
configure: failed program was:
| /* confdefs.h */
| #define PACKAGE_NAME ""
| #define PACKAGE_TARNAME ""
| #define PACKAGE_VERSION ""
| #define PACKAGE_STRING ""
| #define PACKAGE_BUGREPORT ""
| #define PACKAGE_URL ""
| /* end confdefs.h.  */
| 
| int
| main ()
| {
| 
|   ;
|   return 0;
| }
configure:5064: result: no
configure:5113: checking whether g++ accepts -static-libstdc++ -static-libgcc
configure:5130: g++ -o conftest    -static-libstdc++ -static-libgcc conftest.cpp  >&5
../newlib-src/configure: line 1802: g++: command not found
configure:5130: $? = 127
configure: failed program was:
| /* confdefs.h */
| #define PACKAGE_NAME ""
| #define PACKAGE_TARNAME ""
| #define PACKAGE_VERSION ""
| #define PACKAGE_STRING ""
| #define PACKAGE_BUGREPORT ""
| #define PACKAGE_URL ""
| /* end confdefs.h.  */
| 
| #if (__GNUC__ < 4) || (__GNUC__ == 4 && __GNUC_MINOR__ < 5)
| #error -static-libstdc++ not implemented
| #endif
| int main() {}
configure:5134: result: no
configure:5155: checking for x86_64-linux-gnu-gnatbind
configure:5185: result: no
configure:5195: checking for gnatbind
configure:5225: result: no
configure:5247: checking for x86_64-linux-gnu-gnatmake
configure:5277: result: no
configure:5287: checking for gnatmake
configure:5317: result: no
configure:5336: checking whether compiler driver understands Ada
configure:5359: result: no
configure:5368: checking how to compare bootstrapped objects
configure:5393: result: cmp --ignore-initial=16 $$f1 $$f2
configure:5453: checking for objdir
configure:5468: result: .libs
configure:6012: checking for isl 0.16, 0.15, or deprecated 0.14
configure:6025: x86_64-linux-gnu-gcc -o conftest -g -O2      -lisl -lmpc -lmpfr -lgmp conftest.c  -lisl -lgmp >&5
conftest.c:10:10: fatal error: isl/ctx.h: No such file or directory
   10 | #include <isl/ctx.h>
      |          ^~~~~~~~~~~
compilation terminated.
configure:6025: $? = 1
configure: failed program was:
| /* confdefs.h */
| #define PACKAGE_NAME ""
| #define PACKAGE_TARNAME ""
| #define PACKAGE_VERSION ""
| #define PACKAGE_STRING ""
| #define PACKAGE_BUGREPORT ""
| #define PACKAGE_URL ""
| #define LT_OBJDIR ".libs/"
| /* end confdefs.h.  */
| #include <isl/ctx.h>
| int
| main ()
| {
| isl_ctx_get_max_operations (isl_ctx_alloc ());
|   ;
|   return 0;
| }
configure:6032: result: no
configure:6036: result: recommended isl version is 0.16 or 0.15, the minimum required isl version 0.14 is deprecated
configure:6040: checking for isl 0.16 or 0.15
configure:6053: x86_64-linux-gnu-gcc -o conftest -g -O2      -lisl -lmpc -lmpfr -lgmp conftest.c  -lisl -lgmp >&5
conftest.c:10:10: fatal error: isl/schedule.h: No such file or directory
   10 | #include <isl/schedule.h>
      |          ^~~~~~~~~~~~~~~~
compilation terminated.
configure:6053: $? = 1
configure: failed program was:
| /* confdefs.h */
| #define PACKAGE_NAME ""
| #define PACKAGE_TARNAME ""
| #define PACKAGE_VERSION ""
| #define PACKAGE_STRING ""
| #define PACKAGE_BUGREPORT ""
| #define PACKAGE_URL ""
| #define LT_OBJDIR ".libs/"
| /* end confdefs.h.  */
| #include <isl/schedule.h>
| int
| main ()
| {
| isl_options_set_schedule_serialize_sccs (NULL, 0);
|   ;
|   return 0;
| }
configure:6060: result: no
configure:7064: checking for default BUILD_CONFIG
configure:7096: result: 
configure:7101: checking for --enable-vtable-verify
configure:7114: result: no
configure:7720: checking for bison
configure:7750: result: no
configure:7720: checking for byacc
configure:7750: result: no
configure:7720: checking for yacc
configure:7750: result: no
configure:7767: checking for bison
configure:7797: result: no
configure:7814: checking for gm4
configure:7844: result: no
configure:7814: checking for gnum4
configure:7844: result: no
configure:7814: checking for m4
configure:7830: found /usr/bin/m4
configure:7841: result: m4
configure:7861: checking for flex
configure:7891: result: no
configure:7861: checking for lex
configure:7891: result: no
configure:7909: checking for flex
configure:7939: result: no
configure:7956: checking for makeinfo
configure:7986: result: no
configure:8017: checking for expect
configure:8047: result: no
configure:8066: checking for runtest
configure:8096: result: no
configure:8172: checking for x86_64-linux-gnu-ar
configure:8188: found /usr/bin/x86_64-linux-gnu-ar
configure:8199: result: x86_64-linux-gnu-ar
configure:8313: checking for x86_64-linux-gnu-as
configure:8329: found /usr/bin/x86_64-linux-gnu-as
configure:8340: result: x86_64-linux-gnu-as
configure:8454: checking for x86_64-linux-gnu-dlltool
configure:8484: result: no
configure:8493: checking for dlltool
configure:8523: result: no
configure:8595: checking for x86_64-linux-gnu-ld
configure:8611: found /usr/bin/x86_64-linux-gnu-ld
configure:8622: result: x86_64-linux-gnu-ld
configure:8736: checking for x86_64-linux-gnu-lipo
configure:8766: result: no
configure:8775: checking for lipo
configure:8805: result: no
configure:8877: checking for x86_64-linux-gnu-nm
configure:8893: found /usr/bin/x86_64-linux-gnu-nm
configure:8904: result: x86_64-linux-gnu-nm
configure:9018: checking for x86_64-linux-gnu-ranlib
configure:9034: found /usr/bin/x86_64-linux-gnu-ranlib
configure:9045: result: x86_64-linux-gnu-ranlib
configure:9154: checking for x86_64-linux-gnu-strip
configure:9170: found /usr/bin/x86_64-linux-gnu-strip
configure:9181: result: x86_64-linux-gnu-strip
configure:9290: checking for x86_64-linux-gnu-windres
configure:9320: result: no
configure:9329: checking for windres
configure:9359: result: no
configure:9431: checking for x86_64-linux-gnu-windmc
configure:9461: result: no
configure:9470: checking for windmc
configure:9500: result: no
configure:9572: checking for x86_64-linux-gnu-objcopy
configure:9588: found /usr/bin/x86_64-linux-gnu-objcopy
configure:9599: result: x86_64-linux-gnu-objcopy
configure:9713: checking for x86_64-linux-gnu-objdump
configure:9729: found /usr/bin/x86_64-linux-gnu-objdump
configure:9740: result: x86_64-linux-gnu-objdump
configure:9854: checking for x86_64-linux-gnu-readelf
configure:9870: found /usr/bin/x86_64-linux-gnu-readelf
configure:9881: result: x86_64-linux-gnu-readelf
configure:10034: checking for i686-tinaos-cc
configure:10050: found /home/dash/TINAOS/libs/cross-compiler/compiler/bin/i686-tinaos-cc
configure:10061: result: i686-tinaos-cc
configure:10195: checking for i686-tinaos-c++
configure:10225: result: no
configure:10195: checking for i686-tinaos-g++
configure:10225: result: no
configure:10195: checking for i686-tinaos-cxx
configure:10225: result: no
configure:10195: checking for i686-tinaos-gxx
configure:10225: result: no
configure:10356: checking for i686-tinaos-gcc
configure:10372: found /home/dash/TINAOS/libs/cross-compiler/compiler/bin/i686-tinaos-gcc
configure:10383: result: i686-tinaos-gcc
configure:10512: checking for i686-tinaos-gcj
configure:10542: result: no
configure:10673: checking for i686-tinaos-gfortran
configure:10703: result: no
configure:10834: checking for i686-tinaos-gccgo
configure:10864: result: no
configure:11075: checking for i686-tinaos-ar
configure:11091: found /home/dash/TINAOS/libs/cross-compiler/compiler/bin/i686-tinaos-ar
configure:11102: result: i686-tinaos-ar
configure:11305: checking for i686-tinaos-as
configure:11321: found /home/dash/TINAOS/libs/cross-compiler/compiler/bin/i686-tinaos-as
configure:11332: result: i686-tinaos-as
configure:11535: checking for i686-tinaos-dlltool
configure:11565: result: no
configure:11765: checking for i686-tinaos-ld
configure:11795: result: no
configure:11995: checking for i686-tinaos-lipo
configure:12025: result: no
configure:12225: checking for i686-tinaos-nm
configure:12255: result: no
configure:12455: checking for i686-tinaos-objcopy
configure:12485: result: no
configure:12685: checking for i686-tinaos-objdump
configure:12715: result: no
configure:12915: checking for i686-tinaos-ranlib
configure:12931: found /home/dash/TINAOS/libs/cross-compiler/compiler/bin/i686-tinaos-ranlib
configure:12942: result: i686-tinaos-ranlib
configure:13145: checking for i686-tinaos-readelf
configure:13175: result: no
configure:13375: checking for i686-tinaos-strip
configure:13405: result: no
configure:13605: checking for i686-tinaos-windres
configure:13635: result: no
configure:13835: checking for i686-tinaos-windmc
configure:13865: result: no
configure:13932: checking where to find the target ar
configure:13969: result: pre-installed
configure:13974: checking where to find the target as
configure:14011: result: pre-installed
configure:14016: checking where to find the target cc
configure:14053: result: pre-installed
configure:14058: checking where to find the target c++
configure:14098: result: pre-installed
configure:14103: checking where to find the target c++ for libstdc++
configure:14143: result: pre-installed
configure:14148: checking where to find the target dlltool
configure:14185: result: pre-installed
configure:14190: checking where to find the target gcc
configure:14227: result: pre-installed
configure:14232: checking where to find the target gcj
configure:14272: result: pre-installed
configure:14277: checking where to find the target gfortran
configure:14317: result: pre-installed
configure:14322: checking where to find the target gccgo
configure:14362: result: pre-installed
configure:14367: checking where to find the target ld
configure:14404: result: pre-installed
configure:14409: checking where to find the target lipo
configure:14435: result: pre-installed
configure:14440: checking where to find the target nm
configure:14477: result: pre-installed
configure:14482: checking where to find the target objcopy
configure:14519: result: pre-installed
configure:14524: checking where to find the target objdump
configure:14561: result: pre-installed
configure:14566: checking where to find the target ranlib
configure:14603: result: pre-installed
configure:14608: checking where to find the target readelf
configure:14645: result: pre-installed
configure:14650: checking where to find the target strip
configure:14687: result: pre-installed
configure:14692: checking where to find the target windres
configure:14729: result: pre-installed
configure:14734: checking where to find the target windmc
configure:14771: result: pre-installed
configure:14804: checking whether to enable maintainer-specific portions of Makefiles
configure:14813: result: no
configure:15063: creating ./config.status

## ---------------------- ##
## Running config.status. ##
## ---------------------- ##

This file was extended by config.status, which was
generated by GNU Autoconf 2.64.  Invocation command line was

  CONFIG_FILES    = 
  CONFIG_HEADERS  = 
  CONFIG_LINKS    = 
  CONFIG_COMMANDS = 
  $ ./config.status 

on dash-normal

config.status:922: creating Makefile

## ---------------- ##
## Cache variables. ##
## ---------------- ##

ac_cv_build=x86_64-pc-linux-gnu
ac_cv_c_compiler_gnu=yes
ac_cv_cxx_compiler_gnu=no
ac_cv_env_AR_FOR_TARGET_set=
ac_cv_env_AR_FOR_TARGET_value=
ac_cv_env_AR_set=
ac_cv_env_AR_value=
ac_cv_env_AS_FOR_TARGET_set=
ac_cv_env_AS_FOR_TARGET_value=
ac_cv_env_AS_set=
ac_cv_env_AS_value=
ac_cv_env_CCC_set=
ac_cv_env_CCC_value=
ac_cv_env_CC_FOR_TARGET_set=
ac_cv_env_CC_FOR_TARGET_value=
ac_cv_env_CC_set=
ac_cv_env_CC_value=
ac_cv_env_CFLAGS_set=
ac_cv_env_CFLAGS_value=
ac_cv_env_CPPFLAGS_set=
ac_cv_env_CPPFLAGS_value=
ac_cv_env_CXXFLAGS_set=
ac_cv_env_CXXFLAGS_value=
ac_cv_env_CXX_FOR_TARGET_set=
ac_cv_env_CXX_FOR_TARGET_value=
ac_cv_env_CXX_set=
ac_cv_env_CXX_value=
ac_cv_env_DLLTOOL_FOR_TARGET_set=
ac_cv_env_DLLTOOL_FOR_TARGET_value=
ac_cv_env_DLLTOOL_set=
ac_cv_env_DLLTOOL_value=
ac_cv_env_GCC_FOR_TARGET_set=
ac_cv_env_GCC_FOR_TARGET_value=
ac_cv_env_GCJ_FOR_TARGET_set=
ac_cv_env_GCJ_FOR_TARGET_value=
ac_cv_env_GFORTRAN_FOR_TARGET_set=
ac_cv_env_GFORTRAN_FOR_TARGET_value=
ac_cv_env_GOC_FOR_TARGET_set=
ac_cv_env_GOC_FOR_TARGET_value=
ac_cv_env_LDFLAGS_set=
ac_cv_env_LDFLAGS_value=
ac_cv_env_LD_FOR_TARGET_set=
ac_cv_env_LD_FOR_TARGET_value=
ac_cv_env_LD_set=
ac_cv_env_LD_value=
ac_cv_env_LIBS_set=
ac_cv_env_LIBS_value=
ac_cv_env_LIPO_FOR_TARGET_set=
ac_cv_env_LIPO_FOR_TARGET_value=
ac_cv_env_LIPO_set=
ac_cv_env_LIPO_value=
ac_cv_env_NM_FOR_TARGET_set=
ac_cv_env_NM_FOR_TARGET_value=
ac_cv_env_NM_set=
ac_cv_env_NM_value=
ac_cv_env_OBJCOPY_FOR_TARGET_set=
ac_cv_env_OBJCOPY_FOR_TARGET_value=
ac_cv_env_OBJCOPY_set=
ac_cv_env_OBJCOPY_value=
ac_cv_env_OBJDUMP_FOR_TARGET_set=
ac_cv_env_OBJDUMP_FOR_TARGET_value=
ac_cv_env_OBJDUMP_set=
ac_cv_env_OBJDUMP_value=
ac_cv_env_RANLIB_FOR_TARGET_set=
ac_cv_env_RANLIB_FOR_TARGET_value=
ac_cv_env_RANLIB_set=
ac_cv_env_RANLIB_value=
ac_cv_env_READELF_FOR_TARGET_set=
ac_cv_env_READELF_FOR_TARGET_value=
ac_cv_env_READELF_set=
ac_cv_env_READELF_value=
ac_cv_env_STRIP_FOR_TARGET_set=
ac_cv_env_STRIP_FOR_TARGET_value=
ac_cv_env_STRIP_set=
ac_cv_env_STRIP_value=
ac_cv_env_WINDMC_FOR_TARGET_set=
ac_cv_env_WINDMC_FOR_TARGET_value=
ac_cv_env_WINDMC_set=
ac_cv_env_WINDMC_value=
ac_cv_env_WINDRES_FOR_TARGET_set=
ac_cv_env_WINDRES_FOR_TARGET_value=
ac_cv_env_WINDRES_set=
ac_cv_env_WINDRES_value=
ac_cv_env_build_alias_set=set
ac_cv_env_build_alias_value=x86_64-linux-gnu
ac_cv_env_build_configargs_set=
ac_cv_env_build_configargs_value=
ac_cv_env_host_alias_set=set
ac_cv_env_host_alias_value=x86_64-linux-gnu
ac_cv_env_host_configargs_set=
ac_cv_env_host_configargs_value=
ac_cv_env_target_alias_set=set
ac_cv_env_target_alias_value=i686-tinaos
ac_cv_env_target_configargs_set=
ac_cv_env_target_configargs_value=
ac_cv_host=x86_64-pc-linux-gnu
ac_cv_objext=o
ac_cv_path_SED=/usr/bin/sed
ac_cv_path_install='/usr/bin/install -c'
ac_cv_prog_AR=x86_64-linux-gnu-ar
ac_cv_prog_AR_FOR_TARGET=i686-tinaos-ar
ac_cv_prog_AS=x86_64-linux-gnu-as
ac_cv_prog_AS_FOR_TARGET=i686-tinaos-as
ac_cv_prog_AWK=mawk
ac_cv_prog_CC=x86_64-linux-gnu-gcc
ac_cv_prog_CC_FOR_TARGET=i686-tinaos-cc
ac_cv_prog_GCC_FOR_TARGET=i686-tinaos-gcc
ac_cv_prog_LD=x86_64-linux-gnu-ld
ac_cv_prog_M4=m4
ac_cv_prog_NM=x86_64-linux-gnu-nm
ac_cv_prog_OBJCOPY=x86_64-linux-gnu-objcopy
ac_cv_prog_OBJDUMP=x86_64-linux-gnu-objdump
ac_cv_prog_RANLIB=x86_64-linux-gnu-ranlib
ac_cv_prog_RANLIB_FOR_TARGET=i686-tinaos-ranlib
ac_cv_prog_READELF=x86_64-linux-gnu-readelf
ac_cv_prog_STRIP=x86_64-linux-gnu-strip
ac_cv_prog_cc_c89=
ac_cv_prog_cc_g=yes
ac_cv_prog_cxx_g=no
ac_cv_target=i686-pc-tinaos
acx_cv_cc_gcc_supports_ada=no
acx_cv_prog_LN=no
gcc_cv_isl=no
gcc_cv_prog_cmp_skip='cmp --ignore-initial=16 $$f1 $$f2'
gcc_cv_tool_dirs=
gcc_cv_tool_prefix=/usr/local
lt_cv_objdir=.libs

## ----------------- ##
## Output variables. ##
## ----------------- ##

AR='x86_64-linux-gnu-ar'
AR_FOR_BUILD='$(AR)'
AR_FOR_TARGET='i686-tinaos-ar'
AS='x86_64-linux-gnu-as'
AS_FOR_BUILD='$(AS)'
AS_FOR_TARGET='i686-tinaos-as'
AWK='mawk'
BISON='/home/dash/TINAOS/libs/newlib-src/missing bison'
BUILD_CONFIG=''
CC='x86_64-linux-gnu-gcc'
CC_FOR_BUILD='$(CC)'
CC_FOR_TARGET='i686-tinaos-cc'
CFLAGS='-g -O2'
CFLAGS_FOR_BUILD='-g -O2'
CFLAGS_FOR_TARGET='-g -O2'
COMPILER_AS_FOR_TARGET='$(AS_FOR_TARGET)'
COMPILER_LD_FOR_TARGET='$(LD_FOR_TARGET)'
COMPILER_NM_FOR_TARGET='$(NM_FOR_TARGET)'
CONFIGURE_GDB_TK=''
CPPFLAGS=''
CXX='g++'
CXXFLAGS=''
CXXFLAGS_FOR_BUILD=''
CXXFLAGS_FOR_TARGET='-g -O2'
CXX_FOR_BUILD='$(CXX)'
CXX_FOR_TARGET='i686-tinaos-c++'
DEBUG_PREFIX_CFLAGS_FOR_TARGET=''
DEFS='-DPACKAGE_NAME=\"\" -DPACKAGE_TARNAME=\"\" -DPACKAGE_VERSION=\"\" -DPACKAGE_STRING=\"\" -DPACKAGE_BUGREPORT=\"\" -DPACKAGE_URL=\"\" -DLT_OBJDIR=\".libs/\"'
DLLTOOL='dlltool'
DLLTOOL_FOR_BUILD='$(DLLTOOL)'
DLLTOOL_FOR_TARGET='i686-tinaos-dlltool'
ECHO_C=''
ECHO_N='-n'
ECHO_T=''
EXEEXT=''
EXPECT='expect'
EXTRA_CONFIGARGS_LIBJAVA='--disable-static'
FLAGS_FOR_TARGET=' -B$$r/$(TARGET_SUBDIR)/newlib/ -isystem $$r/$(TARGET_SUBDIR)/newlib/targ-include -isystem $$s/newlib/libc/include -B$$r/$(TARGET_SUBDIR)/libgloss/i386 -L$$r/$(TARGET_SUBDIR)/libgloss/libnosys -L$$s/libgloss/i386'
FLEX='/home/dash/TINAOS/libs/newlib-src/missing flex'
GCC_FOR_TARGET='i686-tinaos-gcc'
GCC_SHLIB_SUBDIR=''
GCJ_FOR_BUILD='$(GCJ)'
GCJ_FOR_TARGET='i686-tinaos-gcj'
GDB_TK=''
GFORTRAN_FOR_BUILD='$(GFORTRAN)'
GFORTRAN_FOR_TARGET='i686-tinaos-gfortran'
GNATBIND='no'
GNATMAKE='no'
GOC_FOR_BUILD='$(GOC)'
GOC_FOR_TARGET='i686-tinaos-gccgo'
INSTALL_DATA='${INSTALL} -m 644'
INSTALL_GDB_TK=''
INSTALL_PROGRAM='${INSTALL}'
INSTALL_SCRIPT='${INSTALL}'
LD='x86_64-linux-gnu-ld'
LDFLAGS=''
LDFLAGS_FOR_BUILD=''
LDFLAGS_FOR_TARGET=''
LD_FOR_BUILD='$(LD)'
LD_FOR_TARGET='i686-tinaos-ld'
LEX='/home/dash/TINAOS/libs/newlib-src/missing flex'
LIBOBJS=''
LIBS=''
LIPO='lipo'
LIPO_FOR_TARGET='i686-tinaos-lipo'
LN='cp'
LN_S='cp -p'
LTLIBOBJS=''
M4='m4'
MAINT='#'
MAINTAINER_MODE_FALSE=''
MAINTAINER_MODE_TRUE='#'
MAKEINFO='/home/dash/TINAOS/libs/newlib-src/missing makeinfo'
NM='x86_64-linux-gnu-nm'
NM_FOR_BUILD='$(NM)'
NM_FOR_TARGET='i686-tinaos-nm'
OBJCOPY='x86_64-linux-gnu-objcopy'
OBJCOPY_FOR_TARGET='i686-tinaos-objcopy'
OBJDUMP='x86_64-linux-gnu-objdump'
OBJDUMP_FOR_TARGET='i686-tinaos-objdump'
OBJEXT='o'
PACKAGE_BUGREPORT=''
PACKAGE_NAME=''
PACKAGE_STRING=''
PACKAGE_TARNAME=''
PACKAGE_URL=''
PACKAGE_VERSION=''
PATH_SEPARATOR=':'
RANLIB='x86_64-linux-gnu-ranlib'
RANLIB_FOR_BUILD='$(RANLIB)'
RANLIB_FOR_TARGET='i686-tinaos-ranlib'
RAW_CXX_FOR_TARGET='i686-tinaos-c++'
READELF='x86_64-linux-gnu-readelf'
READELF_FOR_TARGET='i686-tinaos-readelf'
RPATH_ENVVAR='LD_LIBRARY_PATH'
RUNTEST='runtest'
SED='/usr/bin/sed'
SHELL='/bin/bash'
STRIP='x86_64-linux-gnu-strip'
STRIP_FOR_TARGET='i686-tinaos-strip'
SYSROOT_CFLAGS_FOR_TARGET=''
TOPLEVEL_CONFIGURE_ARGUMENTS='../newlib-src/configure --host=x86_64-linux-gnu --build=x86_64-linux-gnu --target=i686-tinaos --with-sysroot=/home/dash/TINAOS/libs/cross-compiler/compiler/bin --disable-maintainer-mode --enable-newlib-elix-level=4 --disable-werror --disable-newlib-io-float --disable--libgloss'
WINDMC='windmc'
WINDMC_FOR_BUILD='$(WINDMC)'
WINDMC_FOR_TARGET='i686-tinaos-windmc'
WINDRES='windres'
WINDRES_FOR_BUILD='$(WINDRES)'
WINDRES_FOR_TARGET='i686-tinaos-windres'
YACC='/home/dash/TINAOS/libs/newlib-src/missing bison -y'
ac_ct_CC=''
ac_ct_CXX=''
bindir='${exec_prefix}/bin'
build='x86_64-pc-linux-gnu'
build_alias='x86_64-linux-gnu'
build_configargs=' --cache-file=./config.cache '\''--with-sysroot=/home/dash/TINAOS/libs/cross-compiler/compiler/bin'\'' '\''--disable-maintainer-mode'\'' '\''--enable-newlib-elix-level=4'\'' '\''--disable-werror'\'' '\''--disable-newlib-io-float'\'' '\''--disable--libgloss'\'' --program-transform-name='\''s&^&i686-tinaos-&'\'' --disable-option-checking'
build_configdirs=''
build_cpu='x86_64'
build_libsubdir='build-x86_64-linux-gnu'
build_noncanonical='x86_64-linux-gnu'
build_os='linux-gnu'
build_subdir='build-x86_64-linux-gnu'
build_tooldir='${exec_prefix}/i686-tinaos'
build_vendor='pc'
compare_exclusions='gcc/cc*-checksum$(objext) | gcc/ada/*tools/*'
configdirs=' etc'
datadir='${datarootdir}'
datarootdir='${prefix}/share'
do_compare='cmp --ignore-initial=16 $$f1 $$f2'
docdir='${datarootdir}/doc/${PACKAGE}'
dvidir='${docdir}'
exec_prefix='${prefix}'
extra_host_libiberty_configure_flags=''
extra_host_zlib_configure_flags=''
extra_isl_gmp_configure_flags=''
extra_liboffloadmic_configure_flags=''
extra_linker_plugin_configure_flags=''
extra_linker_plugin_flags=''
extra_mpc_gmp_configure_flags=''
extra_mpc_mpfr_configure_flags=''
extra_mpfr_configure_flags=''
gmpinc=''
gmplibs='-lmpc -lmpfr -lgmp'
host='x86_64-pc-linux-gnu'
host_alias='x86_64-linux-gnu'
host_configargs=' --cache-file=./config.cache  --with-system-zlib --with-newlib '\''--with-sysroot=/home/dash/TINAOS/libs/cross-compiler/compiler/bin'\'' '\''--disable-maintainer-mode'\'' '\''--enable-newlib-elix-level=4'\'' '\''--disable-werror'\'' '\''--disable-newlib-io-float'\'' '\''--disable--libgloss'\'' --program-transform-name='\''s&^&i686-tinaos-&'\'' --disable-option-checking'
host_cpu='x86_64'
host_noncanonical='x86_64-linux-gnu'
host_os='linux-gnu'
host_shared='no'
host_subdir='.'
host_vendor='pc'
htmldir='${docdir}'
includedir='${prefix}/include'
infodir='${datarootdir}/info'
islinc=''
isllibs=''
islver=''
libdir='${exec_prefix}/lib'
libexecdir='${exec_prefix}/libexec'
localedir='${datarootdir}/locale'
localstatedir='${prefix}/var'
mandir='${datarootdir}/man'
oldincludedir='/usr/include'
pdfdir='${docdir}'
poststage1_ldflags='-static-libstdc++ -static-libgcc'
poststage1_libs=''
prefix='/usr/local'
program_transform_name='s&^&i686-tinaos-&'
psdir='${docdir}'
sbindir='${exec_prefix}/sbin'
sharedstatedir='${prefix}/com'
stage1_cflags='-g'
stage1_checking='--enable-checking=yes,types'
stage1_languages=',c,'
stage1_ldflags=''
stage1_libs=''
stage2_werror_flag=''
sysconfdir='${prefix}/etc'
target='i686-pc-tinaos'
target_alias='i686-tinaos'
target_configargs='--cache-file=./config.cache --with-newlib --enable-multilib --with-cross-host=x86_64-linux-gnu   '\''--with-sysroot=/home/dash/TINAOS/libs/cross-compiler/compiler/bin'\'' '\''--disable-maintainer-mode'\'' '\''--enable-newlib-elix-level=4'\'' '\''--disable-werror'\'' '\''--disable-newlib-io-float'\'' '\''--disable--libgloss'\'' --program-transform-name='\''s&^&i686-tinaos-&'\'' --disable-option-checking'
target_configdirs='libgloss newlib'
target_cpu='i686'
target_noncanonical='i686-tinaos'
target_os='tinaos'
target_subdir='i686-tinaos'
target_vendor='pc'
tooldir='${exec_prefix}/i686-tinaos'

## ------------------- ##
## File substitutions. ##
## ------------------- ##

alphaieee_frag='/dev/null'
host_makefile_frag='/dev/null'
ospace_frag='/dev/null'
serialization_dependencies='serdep.tmp'
target_makefile_frag='/dev/null'

## ----------- ##
## confdefs.h. ##
## ----------- ##

/* confdefs.h */
#define PACKAGE_NAME ""
#define PACKAGE_TARNAME ""
#define PACKAGE_VERSION ""
#define PACKAGE_STRING ""
#define PACKAGE_BUGREPORT ""
#define PACKAGE_URL ""
#define LT_OBJDIR ".libs/"

configure: exit 0
