This file contains any messages produced by compilers while
running configure, to aid debugging if configure makes a mistake.

It was created by configure, which was
generated by GNU Autoconf 2.61.  Invocation command line was

  $ ../../../../newlib-src/libgloss/doc/configure --disable-option-checking --prefix=/usr/local --with-newlib --enable-multilib --with-cross-host=x86_64-linux-gnu --with-sysroot=/home/dash/TINAOS/libs/cross-compiler/compiler/bin --disable-maintainer-mode --enable-newlib-elix-level=4 --disable-werror --disable-newlib-io-float --disable--libgloss --program-transform-name=s&^&i686-tinaos-& --with-target-subdir=i686-tinaos --build=x86_64-linux-gnu --host=i686-tinaos --target=i686-tinaos build_alias=x86_64-linux-gnu host_alias=i686-tinaos target_alias=i686-tinaos --cache-file=.././config.cache --srcdir=../../../../newlib-src/libgloss/doc

## --------- ##
## Platform. ##
## --------- ##

hostname = dash-normal
uname -m = x86_64
uname -r = 5.4.0-42-generic
uname -s = Linux
uname -v = #46-Ubuntu SMP Fri Jul 10 00:24:02 UTC 2020

/usr/bin/uname -p = x86_64
/bin/uname -X     = unknown

/bin/arch              = x86_64
/usr/bin/arch -k       = unknown
/usr/convex/getsysinfo = unknown
/usr/bin/hostinfo      = unknown
/bin/machine           = unknown
/usr/bin/oslevel       = unknown
/bin/universe          = unknown

PATH: /home/dash/TINAOS/libs/cross-compiler/compiler/bin
PATH: /home/dash/TINAOS/libs/cross-compiler/compiler
PATH: /home/dash/TINAOS/libs/cross-compiler/compiler/bin/../
PATH: /home/dash/TINAOS/libs/cross-compiler/compiler/bin/
PATH: /usr/local/sbin
PATH: /usr/local/bin
PATH: /usr/sbin
PATH: /usr/bin
PATH: /sbin
PATH: /bin
PATH: /usr/games
PATH: /usr/local/games


## ----------- ##
## Core tests. ##
## ----------- ##

configure:1520: loading cache .././config.cache
configure:1687: checking for a BSD-compatible install
configure:1743: result: /usr/bin/install -c
configure:1879: creating ./config.status

## ---------------------- ##
## Running config.status. ##
## ---------------------- ##

This file was extended by config.status, which was
generated by GNU Autoconf 2.61.  Invocation command line was

  CONFIG_FILES    = 
  CONFIG_HEADERS  = 
  CONFIG_LINKS    = 
  CONFIG_COMMANDS = 
  $ ./config.status 

on dash-normal

config.status:568: creating Makefile

## ---------------- ##
## Cache variables. ##
## ---------------- ##

ac_cv_build=x86_64-pc-linux-gnu
ac_cv_c_compiler_gnu=yes
ac_cv_env_CCASFLAGS_set=
ac_cv_env_CCASFLAGS_value=
ac_cv_env_CCAS_set=
ac_cv_env_CCAS_value=
ac_cv_env_build_alias_set=set
ac_cv_env_build_alias_value=x86_64-linux-gnu
ac_cv_env_host_alias_set=set
ac_cv_env_host_alias_value=i686-tinaos
ac_cv_env_target_alias_set=set
ac_cv_env_target_alias_value=i686-tinaos
ac_cv_host=i686-pc-tinaos
ac_cv_prog_AR=i686-tinaos-ar
ac_cv_prog_AWK=mawk
ac_cv_prog_CC='i686-tinaos-cc -B/home/dash/TINAOS/libs/newlib-build/i686-tinaos/newlib/ -isystem /home/dash/TINAOS/libs/newlib-build/i686-tinaos/newlib/targ-include -isystem /home/dash/TINAOS/libs/newlib-src/newlib/libc/include -B/home/dash/TINAOS/libs/newlib-build/i686-tinaos/libgloss/i386 -L/home/dash/TINAOS/libs/newlib-build/i686-tinaos/libgloss/libnosys -L/home/dash/TINAOS/libs/newlib-src/libgloss/i386   '
ac_cv_prog_RANLIB=i686-tinaos-ranlib
ac_cv_prog_STRIP=i686-tinaos-strip
ac_cv_prog_cc_g=no
ac_cv_prog_make_make_set=yes
ac_cv_target=i686-pc-tinaos
am_cv_CC_dependencies_compiler_type=gcc3

## ----------------- ##
## Output variables. ##
## ----------------- ##

DEFS='-DPACKAGE_NAME=\"\" -DPACKAGE_TARNAME=\"\" -DPACKAGE_VERSION=\"\" -DPACKAGE_STRING=\"\" -DPACKAGE_BUGREPORT=\"\"'
ECHO_C=''
ECHO_N='-n'
ECHO_T=''
INSTALL_DATA='/usr/bin/install -c -m 644'
INSTALL_PROGRAM='/usr/bin/install -c'
INSTALL_SCRIPT='/usr/bin/install -c'
LIBOBJS=''
LIBS=''
LTLIBOBJS=''
PACKAGE_BUGREPORT=''
PACKAGE_NAME=''
PACKAGE_STRING=''
PACKAGE_TARNAME=''
PACKAGE_VERSION=''
PATH_SEPARATOR=':'
SHELL='/bin/bash'
bindir='${exec_prefix}/bin'
build_alias='x86_64-linux-gnu'
datadir='${datarootdir}'
datarootdir='${prefix}/share'
docdir='${datarootdir}/doc/${PACKAGE}'
dvidir='${docdir}'
exec_prefix='${prefix}'
host_alias='i686-tinaos'
htmldir='${docdir}'
includedir='${prefix}/include'
infodir='${datarootdir}/info'
libdir='${exec_prefix}/lib'
libexecdir='${exec_prefix}/libexec'
localedir='${datarootdir}/locale'
localstatedir='${prefix}/var'
mandir='${datarootdir}/man'
oldincludedir='/usr/include'
pdfdir='${docdir}'
prefix='/usr/local'
program_transform_name='s&^&i686-tinaos-&'
psdir='${docdir}'
sbindir='${exec_prefix}/sbin'
sharedstatedir='${prefix}/com'
sysconfdir='${prefix}/etc'
target_alias='i686-tinaos'

## ----------- ##
## confdefs.h. ##
## ----------- ##

#define PACKAGE_NAME ""
#define PACKAGE_TARNAME ""
#define PACKAGE_VERSION ""
#define PACKAGE_STRING ""
#define PACKAGE_BUGREPORT ""

configure: exit 0
