This file contains any messages produced by compilers while
running configure, to aid debugging if configure makes a mistake.

It was created by newlib configure 3.1.0, which was
generated by GNU Autoconf 2.68.  Invocation command line was

  $ ../../../../newlib-src/newlib/doc/configure --disable-option-checking --prefix=/usr/local --with-newlib --enable-multilib --with-cross-host=x86_64-linux-gnu --with-sysroot=/home/dash/TINAOS/libs/cross-compiler/compiler/bin --disable-maintainer-mode --enable-newlib-elix-level=4 --disable-werror --disable-newlib-io-float --disable--libgloss --program-transform-name=s&^&i686-tinaos-& --with-target-subdir=i686-tinaos --build=x86_64-linux-gnu --host=i686-tinaos --target=i686-tinaos build_alias=x86_64-linux-gnu host_alias=i686-tinaos target_alias=i686-tinaos CC=i686-tinaos-cc -B/home/dash/TINAOS/libs/newlib-build/i686-tinaos/newlib/ -isystem /home/dash/TINAOS/libs/newlib-build/i686-tinaos/newlib/targ-include -isystem /home/dash/TINAOS/libs/newlib-src/newlib/libc/include -B/home/dash/TINAOS/libs/newlib-build/i686-tinaos/libgloss/i386 -L/home/dash/TINAOS/libs/newlib-build/i686-tinaos/libgloss/libnosys -L/home/dash/TINAOS/libs/newlib-src/libgloss/i386    CFLAGS=-g -O2 LDFLAGS= CPPFLAGS= --cache-file=.././config.cache --srcdir=../../../../newlib-src/newlib/doc

## --------- ##
## Platform. ##
## --------- ##

hostname = dash-normal
uname -m = x86_64
uname -r = 5.4.0-42-generic
uname -s = Linux
uname -v = #46-Ubuntu SMP Fri Jul 10 00:24:02 UTC 2020

/usr/bin/uname -p = x86_64
/bin/uname -X     = unknown

/bin/arch              = x86_64
/usr/bin/arch -k       = unknown
/usr/convex/getsysinfo = unknown
/usr/bin/hostinfo      = unknown
/bin/machine           = unknown
/usr/bin/oslevel       = unknown
/bin/universe          = unknown

PATH: /home/dash/TINAOS/libs/cross-compiler/compiler/bin
PATH: /home/dash/TINAOS/libs/cross-compiler/compiler
PATH: /home/dash/TINAOS/libs/cross-compiler/compiler/bin/../
PATH: /home/dash/TINAOS/libs/cross-compiler/compiler/bin/
PATH: /usr/local/sbin
PATH: /usr/local/bin
PATH: /usr/sbin
PATH: /usr/bin
PATH: /sbin
PATH: /bin
PATH: /usr/games
PATH: /usr/local/games


## ----------- ##
## Core tests. ##
## ----------- ##

configure:1725: loading cache .././config.cache
configure:1843: checking build system type
configure:1857: result: x86_64-pc-linux-gnu
configure:1877: checking host system type
configure:1890: result: i686-pc-tinaos
configure:1926: checking for a BSD-compatible install
configure:1994: result: /usr/bin/install -c
configure:2005: checking whether build environment is sane
configure:2055: result: yes
configure:2104: checking for i686-tinaos-strip
configure:2131: result: i686-tinaos-strip
configure:2196: checking for a thread-safe mkdir -p
configure:2235: result: /usr/bin/mkdir -p
configure:2248: checking for gawk
configure:2275: result: mawk
configure:2286: checking whether make sets $(MAKE)
configure:2308: result: yes
configure:2338: checking for style of include used by make
configure:2366: result: GNU
configure:2588: checking for gcc
configure:2615: result: i686-tinaos-cc -B/home/dash/TINAOS/libs/newlib-build/i686-tinaos/newlib/ -isystem /home/dash/TINAOS/libs/newlib-build/i686-tinaos/newlib/targ-include -isystem /home/dash/TINAOS/libs/newlib-src/newlib/libc/include -B/home/dash/TINAOS/libs/newlib-build/i686-tinaos/libgloss/i386 -L/home/dash/TINAOS/libs/newlib-build/i686-tinaos/libgloss/libnosys -L/home/dash/TINAOS/libs/newlib-src/libgloss/i386   
configure:2626: checking dependency style of i686-tinaos-cc -B/home/dash/TINAOS/libs/newlib-build/i686-tinaos/newlib/ -isystem /home/dash/TINAOS/libs/newlib-build/i686-tinaos/newlib/targ-include -isystem /home/dash/TINAOS/libs/newlib-src/newlib/libc/include -B/home/dash/TINAOS/libs/newlib-build/i686-tinaos/libgloss/i386 -L/home/dash/TINAOS/libs/newlib-build/i686-tinaos/libgloss/libnosys -L/home/dash/TINAOS/libs/newlib-src/libgloss/i386   
configure:2737: result: gcc3
configure:2810: checking whether we are using GNU C
configure:2831: result: yes
configure:2840: checking whether i686-tinaos-cc -B/home/dash/TINAOS/libs/newlib-build/i686-tinaos/newlib/ -isystem /home/dash/TINAOS/libs/newlib-build/i686-tinaos/newlib/targ-include -isystem /home/dash/TINAOS/libs/newlib-src/newlib/libc/include -B/home/dash/TINAOS/libs/newlib-build/i686-tinaos/libgloss/i386 -L/home/dash/TINAOS/libs/newlib-build/i686-tinaos/libgloss/libnosys -L/home/dash/TINAOS/libs/newlib-src/libgloss/i386    accepts -g
configure:2901: result: no
configure:2934: checking for i686-tinaos-as
configure:2961: result: i686-tinaos-as
configure:3026: checking for i686-tinaos-ar
configure:3053: result: i686-tinaos-ar
configure:3118: checking for i686-tinaos-ranlib
configure:3145: result: i686-tinaos-ranlib
configure:3210: checking for i686-tinaos-readelf
configure:3237: result: i686-tinaos-readelf
configure:3306: checking whether to enable maintainer-specific portions of Makefiles
configure:3315: result: no
configure:3443: checking for build system executable suffix
x86_64-linux-gnu-gcc: error: am_c_test.c: No such file or directory
x86_64-linux-gnu-gcc: fatal error: no input files
compilation terminated.
configure:3458: result: no
configure:3524: updating cache .././config.cache
configure:3650: creating ./config.status

## ---------------------- ##
## Running config.status. ##
## ---------------------- ##

This file was extended by newlib config.status 3.1.0, which was
generated by GNU Autoconf 2.68.  Invocation command line was

  CONFIG_FILES    = 
  CONFIG_HEADERS  = 
  CONFIG_LINKS    = 
  CONFIG_COMMANDS = 
  $ ./config.status 

on dash-normal

config.status:816: creating Makefile
config.status:973: executing depfiles commands

## ---------------- ##
## Cache variables. ##
## ---------------- ##

ac_cv_build=x86_64-pc-linux-gnu
ac_cv_c_compiler_gnu=yes
ac_cv_env_CCASFLAGS_set=
ac_cv_env_CCASFLAGS_value=
ac_cv_env_CCAS_set=
ac_cv_env_CCAS_value=
ac_cv_env_CC_set=set
ac_cv_env_CC_value='i686-tinaos-cc -B/home/dash/TINAOS/libs/newlib-build/i686-tinaos/newlib/ -isystem /home/dash/TINAOS/libs/newlib-build/i686-tinaos/newlib/targ-include -isystem /home/dash/TINAOS/libs/newlib-src/newlib/libc/include -B/home/dash/TINAOS/libs/newlib-build/i686-tinaos/libgloss/i386 -L/home/dash/TINAOS/libs/newlib-build/i686-tinaos/libgloss/libnosys -L/home/dash/TINAOS/libs/newlib-src/libgloss/i386   '
ac_cv_env_CFLAGS_set=set
ac_cv_env_CFLAGS_value='-g -O2'
ac_cv_env_CPPFLAGS_set=set
ac_cv_env_CPPFLAGS_value=
ac_cv_env_CPP_set=
ac_cv_env_CPP_value=
ac_cv_env_LDFLAGS_set=set
ac_cv_env_LDFLAGS_value=
ac_cv_env_LIBS_set=
ac_cv_env_LIBS_value=
ac_cv_env_build_alias_set=set
ac_cv_env_build_alias_value=x86_64-linux-gnu
ac_cv_env_host_alias_set=set
ac_cv_env_host_alias_value=i686-tinaos
ac_cv_env_target_alias_set=set
ac_cv_env_target_alias_value=i686-tinaos
ac_cv_host=i686-pc-tinaos
ac_cv_path_SED=/usr/bin/sed
ac_cv_path_mkdir=/usr/bin/mkdir
ac_cv_prog_AR=i686-tinaos-ar
ac_cv_prog_AS=i686-tinaos-as
ac_cv_prog_AWK=mawk
ac_cv_prog_CC='i686-tinaos-cc -B/home/dash/TINAOS/libs/newlib-build/i686-tinaos/newlib/ -isystem /home/dash/TINAOS/libs/newlib-build/i686-tinaos/newlib/targ-include -isystem /home/dash/TINAOS/libs/newlib-src/newlib/libc/include -B/home/dash/TINAOS/libs/newlib-build/i686-tinaos/libgloss/i386 -L/home/dash/TINAOS/libs/newlib-build/i686-tinaos/libgloss/libnosys -L/home/dash/TINAOS/libs/newlib-src/libgloss/i386   '
ac_cv_prog_RANLIB=i686-tinaos-ranlib
ac_cv_prog_READELF=i686-tinaos-readelf
ac_cv_prog_STRIP=i686-tinaos-strip
ac_cv_prog_cc_g=no
ac_cv_prog_make_make_set=yes
acnewlib_cv_type_long_double=yes
am_cv_CC_dependencies_compiler_type=gcc3
libc_cv_cc_loop_to_function=yes
libc_cv_initfinit_array=no
newlib_cv_build_exeext=no
newlib_cv_ldbl_eq_dbl=no

## ----------------- ##
## Output variables. ##
## ----------------- ##

ACLOCAL='${SHELL} /home/dash/TINAOS/libs/newlib-src/missing --run aclocal-1.11'
AMDEPBACKSLASH='\'
AMDEP_FALSE='#'
AMDEP_TRUE=''
AMTAR='$${TAR-tar}'
AR='i686-tinaos-ar'
AS='i686-tinaos-as'
AUTOCONF='${SHELL} /home/dash/TINAOS/libs/newlib-src/missing --run autoconf'
AUTOHEADER='${SHELL} /home/dash/TINAOS/libs/newlib-src/missing --run autoheader'
AUTOMAKE='${SHELL} /home/dash/TINAOS/libs/newlib-src/missing --run automake-1.11'
AWK='mawk'
CC='i686-tinaos-cc -B/home/dash/TINAOS/libs/newlib-build/i686-tinaos/newlib/ -isystem /home/dash/TINAOS/libs/newlib-build/i686-tinaos/newlib/targ-include -isystem /home/dash/TINAOS/libs/newlib-src/newlib/libc/include -B/home/dash/TINAOS/libs/newlib-build/i686-tinaos/libgloss/i386 -L/home/dash/TINAOS/libs/newlib-build/i686-tinaos/libgloss/libnosys -L/home/dash/TINAOS/libs/newlib-src/libgloss/i386   '
CCAS='i686-tinaos-cc -B/home/dash/TINAOS/libs/newlib-build/i686-tinaos/newlib/ -isystem /home/dash/TINAOS/libs/newlib-build/i686-tinaos/newlib/targ-include -isystem /home/dash/TINAOS/libs/newlib-src/newlib/libc/include -B/home/dash/TINAOS/libs/newlib-build/i686-tinaos/libgloss/i386 -L/home/dash/TINAOS/libs/newlib-build/i686-tinaos/libgloss/libnosys -L/home/dash/TINAOS/libs/newlib-src/libgloss/i386   '
CCASFLAGS='-g -O2'
CCDEPMODE='depmode=gcc3'
CC_FOR_BUILD='x86_64-linux-gnu-gcc'
CYGPATH_W='echo'
DEFS='-DPACKAGE_NAME=\"newlib\" -DPACKAGE_TARNAME=\"newlib\" -DPACKAGE_VERSION=\"3.1.0\" -DPACKAGE_STRING=\"newlib\ 3.1.0\" -DPACKAGE_BUGREPORT=\"\" -DPACKAGE_URL=\"\"'
DEPDIR='.deps'
ECHO_C=''
ECHO_N='-n'
ECHO_T=''
ELIX_LEVEL_0_FALSE=''
ELIX_LEVEL_0_TRUE='#'
ELIX_LEVEL_1_FALSE=''
ELIX_LEVEL_1_TRUE='#'
ELIX_LEVEL_2_FALSE=''
ELIX_LEVEL_2_TRUE='#'
ELIX_LEVEL_3_FALSE=''
ELIX_LEVEL_3_TRUE='#'
ELIX_LEVEL_4_FALSE='#'
ELIX_LEVEL_4_TRUE=''
EXEEXT_FOR_BUILD=''
INSTALL_DATA='/usr/bin/install -c -m 644'
INSTALL_PROGRAM='/usr/bin/install -c'
INSTALL_SCRIPT='/usr/bin/install -c'
INSTALL_STRIP_PROGRAM='$(install_sh) -c -s'
LDFLAGS=''
LIBOBJS=''
LIBS=''
LTLIBOBJS=''
MAINT='#'
MAINTAINER_MODE_FALSE=''
MAINTAINER_MODE_TRUE='#'
MAKEINFO='/home/dash/TINAOS/libs/newlib-src/missing makeinfo --split-size=5000000'
MAY_SUPPLY_SYSCALLS_FALSE='#'
MAY_SUPPLY_SYSCALLS_TRUE=''
MKDIR_P='/usr/bin/mkdir -p'
NEWLIB_CFLAGS=' -fno-builtin -DNO_FLOATING_POINT -DMISSING_SYSCALL_NAMES -DHAVE_INIT_FINI'
NO_INCLUDE_LIST=' rpc/types.h rpc/xdr.h'
OBJEXT='o'
PACKAGE='newlib'
PACKAGE_BUGREPORT=''
PACKAGE_NAME='newlib'
PACKAGE_STRING='newlib 3.1.0'
PACKAGE_TARNAME='newlib'
PACKAGE_URL=''
PACKAGE_VERSION='3.1.0'
PATH_SEPARATOR=':'
RANLIB='i686-tinaos-ranlib'
READELF='i686-tinaos-readelf'
SET_MAKE=''
SHELL='/bin/bash'
STRIP='i686-tinaos-strip'
USE_LIBTOOL_FALSE=''
USE_LIBTOOL_TRUE='#'
VERSION='3.1.0'
aext='a'
am__fastdepCC_FALSE='#'
am__fastdepCC_TRUE=''
am__include='include'
am__isrc=' -I$(srcdir)'
am__leading_dot='.'
am__nodep='_no'
am__quote=''
am__tar='$${TAR-tar} chof - "$$tardir"'
am__untar='$${TAR-tar} xf -'
bindir='${exec_prefix}/bin'
build='x86_64-pc-linux-gnu'
build_alias='x86_64-linux-gnu'
build_cpu='x86_64'
build_os='linux-gnu'
build_vendor='pc'
datadir='${datarootdir}'
datarootdir='${prefix}/share'
docdir='${datarootdir}/doc/${PACKAGE_TARNAME}'
dvidir='${docdir}'
exec_prefix='${prefix}'
host='i686-pc-tinaos'
host_alias='i686-tinaos'
host_cpu='i686'
host_os='tinaos'
host_vendor='pc'
htmldir='${docdir}'
includedir='${prefix}/include'
infodir='${datarootdir}/info'
install_sh='${SHELL} /home/dash/TINAOS/libs/newlib-src/install-sh'
libdir='${exec_prefix}/lib'
libexecdir='${exec_prefix}/libexec'
libm_machine_dir='i386'
localedir='${datarootdir}/locale'
localstatedir='${prefix}/var'
lpfx='lib_a-'
machine_dir='i386'
mandir='${datarootdir}/man'
mkdir_p='/usr/bin/mkdir -p'
newlib_basedir='../../../../newlib-src/newlib/doc/..'
oext='o'
oldincludedir='/usr/include'
pdfdir='${docdir}'
prefix='/usr/local'
program_transform_name='s&^&i686-tinaos-&'
psdir='${docdir}'
sbindir='${exec_prefix}/sbin'
sharedstatedir='${prefix}/com'
sys_dir=''
sysconfdir='${prefix}/etc'
target_alias='i686-tinaos'

## ----------- ##
## confdefs.h. ##
## ----------- ##

/* confdefs.h */
#define PACKAGE_NAME "newlib"
#define PACKAGE_TARNAME "newlib"
#define PACKAGE_VERSION "3.1.0"
#define PACKAGE_STRING "newlib 3.1.0"
#define PACKAGE_BUGREPORT ""
#define PACKAGE_URL ""

configure: exit 0
